Arguments: 
  /Users/vadimvengriniuc/.nvm/versions/node/v14.19.1/bin/node /opt/homebrew/bin/yarn add -D @types/my-colors

PATH: 
  /Users/vadimvengriniuc/.nvm/versions/node/v14.19.1/bin:/opt/homebrew/bin:/opt/homebrew/sbin:/usr/local/bin:/usr/bin:/bin:/usr/sbin:/sbin:/Library/Apple/usr/bin:/Users/vadimvengriniuc/.nvm/versions/node/v14.19.1/bin:/opt/homebrew/bin:/opt/homebrew/sbin:/Users/vadimvengriniuc/Library/Android/sdk/emulator:/Users/vadimvengriniuc/Library/Android/sdk/tools:/Users/vadimvengriniuc/Library/Android/sdk/tools/bin:/Users/vadimvengriniuc/Library/Android/sdk/platform-tools:/Users/vadimvengriniuc/Library/Android/sdk/emulator:/Users/vadimvengriniuc/Library/Android/sdk/tools:/Users/vadimvengriniuc/Library/Android/sdk/tools/bin:/Users/vadimvengriniuc/Library/Android/sdk/platform-tools

Yarn version: 
  1.22.18

Node version: 
  14.19.1

Platform: 
  darwin arm64

Trace: 
  Error: https://registry.yarnpkg.com/@types%2fmy-colors: Not found
      at Request.params.callback [as _callback] (/opt/homebrew/lib/node_modules/yarn/lib/cli.js:66138:18)
      at Request.self.callback (/opt/homebrew/lib/node_modules/yarn/lib/cli.js:140883:22)
      at Request.emit (events.js:400:28)
      at Request.<anonymous> (/opt/homebrew/lib/node_modules/yarn/lib/cli.js:141855:10)
      at Request.emit (events.js:400:28)
      at IncomingMessage.<anonymous> (/opt/homebrew/lib/node_modules/yarn/lib/cli.js:141777:12)
      at Object.onceWrapper (events.js:519:28)
      at IncomingMessage.emit (events.js:412:35)
      at endReadableNT (internal/streams/readable.js:1334:12)
      at processTicksAndRejections (internal/process/task_queues.js:82:21)

npm manifest: 
  {
    "name": "consolegame",
    "version": "1.0.0",
    "main": "index.js",
    "license": "MIT",
    "scripts": {
      "watch": "tsc -w",
      "dev": "nodemon dist/index.js",
      "start": "node dist/index.js"
    },
    "devDependencies": {
      "@types/node": "^18.0.0",
      "typescript": "^4.7.4"
    },
    "dependencies": {
      "my-colors": "^1.0.0"
    }
  }

yarn manifest: 
  No manifest

Lockfile: 
  # THIS IS AN AUTOGENERATED FILE. DO NOT EDIT THIS FILE DIRECTLY.
  # yarn lockfile v1
  
  
  "@types/node@^18.0.0":
    version "18.0.0"
    resolved "https://registry.yarnpkg.com/@types/node/-/node-18.0.0.tgz#67c7b724e1bcdd7a8821ce0d5ee184d3b4dd525a"
    integrity sha512-cHlGmko4gWLVI27cGJntjs/Sj8th9aYwplmZFwmmgYQQvL5NUsgVJG7OddLvNfLqYS31KFN0s3qlaD9qCaxACA==
  
  my-colors@^1.0.0:
    version "1.0.0"
    resolved "https://registry.yarnpkg.com/my-colors/-/my-colors-1.0.0.tgz#c2bda92f967b9cf835703c70fa6e9e50e98e25a6"
    integrity sha512-/fVVIHN0Fwqiy66BuC0SitHUplE2ikTy3TpocCHPg9HSJFAsxWVLAKHsOa3rco+9ZiUmb9ePbVB4Tfh64CNb8Q==
  
  typescript@^4.7.4:
    version "4.7.4"
    resolved "https://registry.yarnpkg.com/typescript/-/typescript-4.7.4.tgz#1a88596d1cf47d59507a1bcdfb5b9dfe4d488235"
    integrity sha512-C0WQT0gezHuw6AdY1M2jxUO83Rjf0HP7Sk1DtXj6j1EwkQNZrHAg2XPWlq62oqEhYvONq5pkC2Y9oPljWToLmQ==
